<?xml version="1.0" encoding="UTF-8"?>
<testsuite name="com.example.mongo.MongoApplicationTests" tests="1" skipped="0" failures="0" errors="0" timestamp="2025-12-13T23:53:01.194Z" hostname="Kevins-MacBook-Air.local" time="0.281">
  <properties/>
  <testcase name="contextLoads()" classname="com.example.mongo.MongoApplicationTests" time="0.281"/>
  <system-out><![CDATA[00:53:00.390 [Test worker] INFO org.springframework.test.context.support.AnnotationConfigContextLoaderUtils -- Could not detect default configuration classes for test class [com.example.mongo.MongoApplicationTests]: MongoApplicationTests does not declare any static, non-private, non-final, nested classes annotated with @Configuration.
00:53:00.430 [Test worker] INFO org.springframework.boot.test.context.SpringBootTestContextBootstrapper -- Found @SpringBootConfiguration com.example.mongo.MongoApplication for test class com.example.mongo.MongoApplicationTests

  .   ____          _            __ _ _
 /\\ / ___'_ __ _ _(_)_ __  __ _ \ \ \ \
( ( )\___ | '_ | '_| | '_ \/ _` | \ \ \ \
 \\/  ___)| |_)| | | | | || (_| |  ) ) ) )
  '  |____| .__|_| |_|_| |_\__, | / / / /
 =========|_|==============|___/=/_/_/_/

 :: Spring Boot ::                (v3.5.6)

2025-12-14T00:53:00.561+01:00  INFO 34799 --- [mongo] [    Test worker] c.example.mongo.MongoApplicationTests    : Starting MongoApplicationTests using Java 17.0.16 with PID 34799 (started by astra in /Users/astra/Downloads/tool-box)
2025-12-14T00:53:00.561+01:00  INFO 34799 --- [mongo] [    Test worker] c.example.mongo.MongoApplicationTests    : No active profile set, falling back to 1 default profile: "default"
2025-12-14T00:53:00.751+01:00  INFO 34799 --- [mongo] [    Test worker] .s.d.r.c.RepositoryConfigurationDelegate : Bootstrapping Spring Data MongoDB repositories in DEFAULT mode.
2025-12-14T00:53:00.778+01:00  INFO 34799 --- [mongo] [    Test worker] .s.d.r.c.RepositoryConfigurationDelegate : Finished Spring Data repository scanning in 24 ms. Found 9 MongoDB repository interfaces.
2025-12-14T00:53:00.904+01:00  INFO 34799 --- [mongo] [    Test worker] org.mongodb.driver.client                : MongoClient with metadata {"driver": {"name": "mongo-java-driver|sync|spring-boot", "version": "5.5.1"}, "os": {"type": "Darwin", "name": "Mac OS X", "architecture": "aarch64", "version": "26.1"}, "platform": "Java/Microsoft/17.0.16+8-LTS"} created with settings MongoClientSettings{readPreference=primary, writeConcern=WriteConcern{w=null, wTimeout=null ms, journal=null}, retryWrites=true, retryReads=true, readConcern=ReadConcern{level=null}, credential=null, transportSettings=null, commandListeners=[], codecRegistry=ProvidersCodecRegistry{codecProviders=[ValueCodecProvider{}, BsonValueCodecProvider{}, DBRefCodecProvider{}, DBObjectCodecProvider{}, DocumentCodecProvider{}, CollectionCodecProvider{}, IterableCodecProvider{}, MapCodecProvider{}, GeoJsonCodecProvider{}, GridFSFileCodecProvider{}, Jsr310CodecProvider{}, JsonObjectCodecProvider{}, BsonCodecProvider{}, EnumCodecProvider{}, com.mongodb.client.model.mql.ExpressionCodecProvider@3fdcde7a, com.mongodb.Jep395RecordCodecProvider@4f363abd, com.mongodb.KotlinCodecProvider@7302ff13]}, loggerSettings=LoggerSettings{maxDocumentLength=1000}, clusterSettings={hosts=[localhost:27017], srvServiceName=mongodb, mode=SINGLE, requiredClusterType=UNKNOWN, requiredReplicaSetName='null', serverSelector='null', clusterListeners='[]', serverSelectionTimeout='30000 ms', localThreshold='15 ms'}, socketSettings=SocketSettings{connectTimeoutMS=10000, readTimeoutMS=0, receiveBufferSize=0, proxySettings=ProxySettings{host=null, port=null, username=null, password=null}}, heartbeatSocketSettings=SocketSettings{connectTimeoutMS=10000, readTimeoutMS=10000, receiveBufferSize=0, proxySettings=ProxySettings{host=null, port=null, username=null, password=null}}, connectionPoolSettings=ConnectionPoolSettings{maxSize=100, minSize=0, maxWaitTimeMS=120000, maxConnectionLifeTimeMS=0, maxConnectionIdleTimeMS=0, maintenanceInitialDelayMS=0, maintenanceFrequencyMS=60000, connectionPoolListeners=[], maxConnecting=2}, serverSettings=ServerSettings{heartbeatFrequencyMS=10000, minHeartbeatFrequencyMS=500, serverMonitoringMode=AUTO, serverListeners='[]', serverMonitorListeners='[]'}, sslSettings=SslSettings{enabled=false, invalidHostNameAllowed=false, context=null}, applicationName='null', compressorList=[], uuidRepresentation=JAVA_LEGACY, serverApi=null, autoEncryptionSettings=null, dnsClient=null, inetAddressResolver=null, contextProvider=null, timeoutMS=null}
2025-12-14T00:53:00.910+01:00  INFO 34799 --- [mongo] [localhost:27017] org.mongodb.driver.cluster               : Monitor thread successfully connected to server with description ServerDescription{address=localhost:27017, type=STANDALONE, cryptd=false, state=CONNECTED, ok=true, minWireVersion=0, maxWireVersion=21, maxDocumentSize=16777216, logicalSessionTimeoutMinutes=30, roundTripTimeNanos=7385667, minRoundTripTimeNanos=0}
2025-12-14T00:53:01.094+01:00  INFO 34799 --- [mongo] [    Test worker] o.s.b.a.w.s.WelcomePageHandlerMapping    : Adding welcome page: class path resource [static/index.html]
2025-12-14T00:53:01.190+01:00  INFO 34799 --- [mongo] [    Test worker] c.example.mongo.MongoApplicationTests    : Started MongoApplicationTests in 0.711 seconds (process running for 1.067)
]]></system-out>
  <system-err><![CDATA[]]></system-err>
</testsuite>
